2025-07-11T16:58:28.160Z [ERROR]: System not found System not found
Error: System not found
    at SystemService.updateHeartbeat (/Users/samarjitkhanuja/Desktop/One Whole World/operating-system/oww-os/services/systemService.js:37:13)
    at updateHeartbeat (/Users/samarjitkhanuja/Desktop/One Whole World/operating-system/oww-os/controllers/systemController.js:21:36)
    at Layer.handleRequest (/Users/samarjitkhanuja/Desktop/One Whole World/operating-system/oww-os/node_modules/router/lib/layer.js:152:17)
    at next (/Users/samarjitkhanuja/Desktop/One Whole World/operating-system/oww-os/node_modules/router/lib/route.js:157:13)
    at handleValidationErrors (/Users/samarjitkhanuja/Desktop/One Whole World/operating-system/oww-os/middlewares/validation.js:12:3)
    at Layer.handleRequest (/Users/samarjitkhanuja/Desktop/One Whole World/operating-system/oww-os/node_modules/router/lib/layer.js:152:17)
    at next (/Users/samarjitkhanuja/Desktop/One Whole World/operating-system/oww-os/node_modules/router/lib/route.js:157:13)
    at middleware (/Users/samarjitkhanuja/Desktop/One Whole World/operating-system/oww-os/node_modules/express-validator/lib/middlewares/check.js:16:13)
    at process.processTicksAndRejections (node:internal/process/task_queues:95:5)
2025-07-11T16:58:38.040Z [ERROR]: System not found System not found
Error: System not found
    at SystemService.updateHeartbeat (/Users/samarjitkhanuja/Desktop/One Whole World/operating-system/oww-os/services/systemService.js:37:13)
    at updateHeartbeat (/Users/samarjitkhanuja/Desktop/One Whole World/operating-system/oww-os/controllers/systemController.js:21:36)
    at Layer.handleRequest (/Users/samarjitkhanuja/Desktop/One Whole World/operating-system/oww-os/node_modules/router/lib/layer.js:152:17)
    at next (/Users/samarjitkhanuja/Desktop/One Whole World/operating-system/oww-os/node_modules/router/lib/route.js:157:13)
    at handleValidationErrors (/Users/samarjitkhanuja/Desktop/One Whole World/operating-system/oww-os/middlewares/validation.js:12:3)
    at Layer.handleRequest (/Users/samarjitkhanuja/Desktop/One Whole World/operating-system/oww-os/node_modules/router/lib/layer.js:152:17)
    at next (/Users/samarjitkhanuja/Desktop/One Whole World/operating-system/oww-os/node_modules/router/lib/route.js:157:13)
    at middleware (/Users/samarjitkhanuja/Desktop/One Whole World/operating-system/oww-os/node_modules/express-validator/lib/middlewares/check.js:16:13)
    at process.processTicksAndRejections (node:internal/process/task_queues:95:5)
2025-07-11T17:01:15.329Z [ERROR]: System not found System not found
Error: System not found
    at SystemService.updateHeartbeat (/Users/samarjitkhanuja/Desktop/One Whole World/operating-system/oww-os/services/systemService.js:37:13)
    at updateHeartbeat (/Users/samarjitkhanuja/Desktop/One Whole World/operating-system/oww-os/controllers/systemController.js:21:36)
    at Layer.handleRequest (/Users/samarjitkhanuja/Desktop/One Whole World/operating-system/oww-os/node_modules/router/lib/layer.js:152:17)
    at next (/Users/samarjitkhanuja/Desktop/One Whole World/operating-system/oww-os/node_modules/router/lib/route.js:157:13)
    at handleValidationErrors (/Users/samarjitkhanuja/Desktop/One Whole World/operating-system/oww-os/middlewares/validation.js:12:3)
    at Layer.handleRequest (/Users/samarjitkhanuja/Desktop/One Whole World/operating-system/oww-os/node_modules/router/lib/layer.js:152:17)
    at next (/Users/samarjitkhanuja/Desktop/One Whole World/operating-system/oww-os/node_modules/router/lib/route.js:157:13)
    at middleware (/Users/samarjitkhanuja/Desktop/One Whole World/operating-system/oww-os/node_modules/express-validator/lib/middlewares/check.js:16:13)
    at process.processTicksAndRejections (node:internal/process/task_queues:95:5)
2025-07-11T17:01:19.799Z [ERROR]: System not found System not found
Error: System not found
    at SystemService.updateHeartbeat (/Users/samarjitkhanuja/Desktop/One Whole World/operating-system/oww-os/services/systemService.js:37:13)
    at updateHeartbeat (/Users/samarjitkhanuja/Desktop/One Whole World/operating-system/oww-os/controllers/systemController.js:21:36)
    at Layer.handleRequest (/Users/samarjitkhanuja/Desktop/One Whole World/operating-system/oww-os/node_modules/router/lib/layer.js:152:17)
    at next (/Users/samarjitkhanuja/Desktop/One Whole World/operating-system/oww-os/node_modules/router/lib/route.js:157:13)
    at handleValidationErrors (/Users/samarjitkhanuja/Desktop/One Whole World/operating-system/oww-os/middlewares/validation.js:12:3)
    at Layer.handleRequest (/Users/samarjitkhanuja/Desktop/One Whole World/operating-system/oww-os/node_modules/router/lib/layer.js:152:17)
    at next (/Users/samarjitkhanuja/Desktop/One Whole World/operating-system/oww-os/node_modules/router/lib/route.js:157:13)
    at middleware (/Users/samarjitkhanuja/Desktop/One Whole World/operating-system/oww-os/node_modules/express-validator/lib/middlewares/check.js:16:13)
    at process.processTicksAndRejections (node:internal/process/task_queues:95:5)
2025-07-11T17:12:36.176Z [ERROR]: System not found System not found
Error: System not found
    at SystemService.updateHeartbeat (/Users/samarjitkhanuja/Desktop/One Whole World/operating-system/oww-os/services/systemService.js:37:13)
    at updateHeartbeat (/Users/samarjitkhanuja/Desktop/One Whole World/operating-system/oww-os/controllers/systemController.js:21:36)
    at Layer.handleRequest (/Users/samarjitkhanuja/Desktop/One Whole World/operating-system/oww-os/node_modules/router/lib/layer.js:152:17)
    at next (/Users/samarjitkhanuja/Desktop/One Whole World/operating-system/oww-os/node_modules/router/lib/route.js:157:13)
    at handleValidationErrors (/Users/samarjitkhanuja/Desktop/One Whole World/operating-system/oww-os/middlewares/validation.js:12:3)
    at Layer.handleRequest (/Users/samarjitkhanuja/Desktop/One Whole World/operating-system/oww-os/node_modules/router/lib/layer.js:152:17)
    at next (/Users/samarjitkhanuja/Desktop/One Whole World/operating-system/oww-os/node_modules/router/lib/route.js:157:13)
    at middleware (/Users/samarjitkhanuja/Desktop/One Whole World/operating-system/oww-os/node_modules/express-validator/lib/middlewares/check.js:16:13)
    at process.processTicksAndRejections (node:internal/process/task_queues:95:5)
2025-07-11T17:26:28.637Z [ERROR]: System not found System not found
Error: System not found
    at SystemService.updateHeartbeat (/Users/samarjitkhanuja/Desktop/One Whole World/operating-system/oww-os/services/systemService.js:37:13)
    at updateHeartbeat (/Users/samarjitkhanuja/Desktop/One Whole World/operating-system/oww-os/controllers/systemController.js:21:36)
    at Layer.handleRequest (/Users/samarjitkhanuja/Desktop/One Whole World/operating-system/oww-os/node_modules/router/lib/layer.js:152:17)
    at next (/Users/samarjitkhanuja/Desktop/One Whole World/operating-system/oww-os/node_modules/router/lib/route.js:157:13)
    at handleValidationErrors (/Users/samarjitkhanuja/Desktop/One Whole World/operating-system/oww-os/middlewares/validation.js:12:3)
    at Layer.handleRequest (/Users/samarjitkhanuja/Desktop/One Whole World/operating-system/oww-os/node_modules/router/lib/layer.js:152:17)
    at next (/Users/samarjitkhanuja/Desktop/One Whole World/operating-system/oww-os/node_modules/router/lib/route.js:157:13)
    at middleware (/Users/samarjitkhanuja/Desktop/One Whole World/operating-system/oww-os/node_modules/express-validator/lib/middlewares/check.js:16:13)
    at process.processTicksAndRejections (node:internal/process/task_queues:95:5)
2025-07-11T17:26:31.293Z [ERROR]: System not found System not found
Error: System not found
    at SystemService.updateHeartbeat (/Users/samarjitkhanuja/Desktop/One Whole World/operating-system/oww-os/services/systemService.js:37:13)
    at updateHeartbeat (/Users/samarjitkhanuja/Desktop/One Whole World/operating-system/oww-os/controllers/systemController.js:21:36)
    at Layer.handleRequest (/Users/samarjitkhanuja/Desktop/One Whole World/operating-system/oww-os/node_modules/router/lib/layer.js:152:17)
    at next (/Users/samarjitkhanuja/Desktop/One Whole World/operating-system/oww-os/node_modules/router/lib/route.js:157:13)
    at handleValidationErrors (/Users/samarjitkhanuja/Desktop/One Whole World/operating-system/oww-os/middlewares/validation.js:12:3)
    at Layer.handleRequest (/Users/samarjitkhanuja/Desktop/One Whole World/operating-system/oww-os/node_modules/router/lib/layer.js:152:17)
    at next (/Users/samarjitkhanuja/Desktop/One Whole World/operating-system/oww-os/node_modules/router/lib/route.js:157:13)
    at middleware (/Users/samarjitkhanuja/Desktop/One Whole World/operating-system/oww-os/node_modules/express-validator/lib/middlewares/check.js:16:13)
    at process.processTicksAndRejections (node:internal/process/task_queues:95:5)
2025-07-11T17:26:58.615Z [ERROR]: System not found System not found
Error: System not found
    at SystemService.updateHeartbeat (/Users/samarjitkhanuja/Desktop/One Whole World/operating-system/oww-os/services/systemService.js:37:13)
    at updateHeartbeat (/Users/samarjitkhanuja/Desktop/One Whole World/operating-system/oww-os/controllers/systemController.js:21:36)
    at Layer.handleRequest (/Users/samarjitkhanuja/Desktop/One Whole World/operating-system/oww-os/node_modules/router/lib/layer.js:152:17)
    at next (/Users/samarjitkhanuja/Desktop/One Whole World/operating-system/oww-os/node_modules/router/lib/route.js:157:13)
    at handleValidationErrors (/Users/samarjitkhanuja/Desktop/One Whole World/operating-system/oww-os/middlewares/validation.js:12:3)
    at Layer.handleRequest (/Users/samarjitkhanuja/Desktop/One Whole World/operating-system/oww-os/node_modules/router/lib/layer.js:152:17)
    at next (/Users/samarjitkhanuja/Desktop/One Whole World/operating-system/oww-os/node_modules/router/lib/route.js:157:13)
    at middleware (/Users/samarjitkhanuja/Desktop/One Whole World/operating-system/oww-os/node_modules/express-validator/lib/middlewares/check.js:16:13)
    at process.processTicksAndRejections (node:internal/process/task_queues:95:5)
2025-07-11T17:27:01.290Z [ERROR]: System not found System not found
Error: System not found
    at SystemService.updateHeartbeat (/Users/samarjitkhanuja/Desktop/One Whole World/operating-system/oww-os/services/systemService.js:37:13)
    at updateHeartbeat (/Users/samarjitkhanuja/Desktop/One Whole World/operating-system/oww-os/controllers/systemController.js:21:36)
    at Layer.handleRequest (/Users/samarjitkhanuja/Desktop/One Whole World/operating-system/oww-os/node_modules/router/lib/layer.js:152:17)
    at next (/Users/samarjitkhanuja/Desktop/One Whole World/operating-system/oww-os/node_modules/router/lib/route.js:157:13)
    at handleValidationErrors (/Users/samarjitkhanuja/Desktop/One Whole World/operating-system/oww-os/middlewares/validation.js:12:3)
    at Layer.handleRequest (/Users/samarjitkhanuja/Desktop/One Whole World/operating-system/oww-os/node_modules/router/lib/layer.js:152:17)
    at next (/Users/samarjitkhanuja/Desktop/One Whole World/operating-system/oww-os/node_modules/router/lib/route.js:157:13)
    at middleware (/Users/samarjitkhanuja/Desktop/One Whole World/operating-system/oww-os/node_modules/express-validator/lib/middlewares/check.js:16:13)
    at process.processTicksAndRejections (node:internal/process/task_queues:95:5)
2025-07-11T17:27:28.617Z [ERROR]: System not found System not found
Error: System not found
    at SystemService.updateHeartbeat (/Users/samarjitkhanuja/Desktop/One Whole World/operating-system/oww-os/services/systemService.js:37:13)
    at updateHeartbeat (/Users/samarjitkhanuja/Desktop/One Whole World/operating-system/oww-os/controllers/systemController.js:21:36)
    at Layer.handleRequest (/Users/samarjitkhanuja/Desktop/One Whole World/operating-system/oww-os/node_modules/router/lib/layer.js:152:17)
    at next (/Users/samarjitkhanuja/Desktop/One Whole World/operating-system/oww-os/node_modules/router/lib/route.js:157:13)
    at handleValidationErrors (/Users/samarjitkhanuja/Desktop/One Whole World/operating-system/oww-os/middlewares/validation.js:12:3)
    at Layer.handleRequest (/Users/samarjitkhanuja/Desktop/One Whole World/operating-system/oww-os/node_modules/router/lib/layer.js:152:17)
    at next (/Users/samarjitkhanuja/Desktop/One Whole World/operating-system/oww-os/node_modules/router/lib/route.js:157:13)
    at middleware (/Users/samarjitkhanuja/Desktop/One Whole World/operating-system/oww-os/node_modules/express-validator/lib/middlewares/check.js:16:13)
    at process.processTicksAndRejections (node:internal/process/task_queues:95:5)
2025-07-11T17:27:31.291Z [ERROR]: System not found System not found
Error: System not found
    at SystemService.updateHeartbeat (/Users/samarjitkhanuja/Desktop/One Whole World/operating-system/oww-os/services/systemService.js:37:13)
    at updateHeartbeat (/Users/samarjitkhanuja/Desktop/One Whole World/operating-system/oww-os/controllers/systemController.js:21:36)
    at Layer.handleRequest (/Users/samarjitkhanuja/Desktop/One Whole World/operating-system/oww-os/node_modules/router/lib/layer.js:152:17)
    at next (/Users/samarjitkhanuja/Desktop/One Whole World/operating-system/oww-os/node_modules/router/lib/route.js:157:13)
    at handleValidationErrors (/Users/samarjitkhanuja/Desktop/One Whole World/operating-system/oww-os/middlewares/validation.js:12:3)
    at Layer.handleRequest (/Users/samarjitkhanuja/Desktop/One Whole World/operating-system/oww-os/node_modules/router/lib/layer.js:152:17)
    at next (/Users/samarjitkhanuja/Desktop/One Whole World/operating-system/oww-os/node_modules/router/lib/route.js:157:13)
    at middleware (/Users/samarjitkhanuja/Desktop/One Whole World/operating-system/oww-os/node_modules/express-validator/lib/middlewares/check.js:16:13)
    at process.processTicksAndRejections (node:internal/process/task_queues:95:5)
2025-07-11T17:27:58.621Z [ERROR]: System not found System not found
Error: System not found
    at SystemService.updateHeartbeat (/Users/samarjitkhanuja/Desktop/One Whole World/operating-system/oww-os/services/systemService.js:37:13)
    at updateHeartbeat (/Users/samarjitkhanuja/Desktop/One Whole World/operating-system/oww-os/controllers/systemController.js:21:36)
    at Layer.handleRequest (/Users/samarjitkhanuja/Desktop/One Whole World/operating-system/oww-os/node_modules/router/lib/layer.js:152:17)
    at next (/Users/samarjitkhanuja/Desktop/One Whole World/operating-system/oww-os/node_modules/router/lib/route.js:157:13)
    at handleValidationErrors (/Users/samarjitkhanuja/Desktop/One Whole World/operating-system/oww-os/middlewares/validation.js:12:3)
    at Layer.handleRequest (/Users/samarjitkhanuja/Desktop/One Whole World/operating-system/oww-os/node_modules/router/lib/layer.js:152:17)
    at next (/Users/samarjitkhanuja/Desktop/One Whole World/operating-system/oww-os/node_modules/router/lib/route.js:157:13)
    at middleware (/Users/samarjitkhanuja/Desktop/One Whole World/operating-system/oww-os/node_modules/express-validator/lib/middlewares/check.js:16:13)
    at process.processTicksAndRejections (node:internal/process/task_queues:95:5)
2025-07-11T17:28:01.290Z [ERROR]: System not found System not found
Error: System not found
    at SystemService.updateHeartbeat (/Users/samarjitkhanuja/Desktop/One Whole World/operating-system/oww-os/services/systemService.js:37:13)
    at updateHeartbeat (/Users/samarjitkhanuja/Desktop/One Whole World/operating-system/oww-os/controllers/systemController.js:21:36)
    at Layer.handleRequest (/Users/samarjitkhanuja/Desktop/One Whole World/operating-system/oww-os/node_modules/router/lib/layer.js:152:17)
    at next (/Users/samarjitkhanuja/Desktop/One Whole World/operating-system/oww-os/node_modules/router/lib/route.js:157:13)
    at handleValidationErrors (/Users/samarjitkhanuja/Desktop/One Whole World/operating-system/oww-os/middlewares/validation.js:12:3)
    at Layer.handleRequest (/Users/samarjitkhanuja/Desktop/One Whole World/operating-system/oww-os/node_modules/router/lib/layer.js:152:17)
    at next (/Users/samarjitkhanuja/Desktop/One Whole World/operating-system/oww-os/node_modules/router/lib/route.js:157:13)
    at middleware (/Users/samarjitkhanuja/Desktop/One Whole World/operating-system/oww-os/node_modules/express-validator/lib/middlewares/check.js:16:13)
    at process.processTicksAndRejections (node:internal/process/task_queues:95:5)
2025-07-11T17:28:28.633Z [ERROR]: System not found System not found
Error: System not found
    at SystemService.updateHeartbeat (/Users/samarjitkhanuja/Desktop/One Whole World/operating-system/oww-os/services/systemService.js:37:13)
    at updateHeartbeat (/Users/samarjitkhanuja/Desktop/One Whole World/operating-system/oww-os/controllers/systemController.js:21:36)
    at Layer.handleRequest (/Users/samarjitkhanuja/Desktop/One Whole World/operating-system/oww-os/node_modules/router/lib/layer.js:152:17)
    at next (/Users/samarjitkhanuja/Desktop/One Whole World/operating-system/oww-os/node_modules/router/lib/route.js:157:13)
    at handleValidationErrors (/Users/samarjitkhanuja/Desktop/One Whole World/operating-system/oww-os/middlewares/validation.js:12:3)
    at Layer.handleRequest (/Users/samarjitkhanuja/Desktop/One Whole World/operating-system/oww-os/node_modules/router/lib/layer.js:152:17)
    at next (/Users/samarjitkhanuja/Desktop/One Whole World/operating-system/oww-os/node_modules/router/lib/route.js:157:13)
    at middleware (/Users/samarjitkhanuja/Desktop/One Whole World/operating-system/oww-os/node_modules/express-validator/lib/middlewares/check.js:16:13)
    at process.processTicksAndRejections (node:internal/process/task_queues:95:5)
2025-07-11T17:28:31.290Z [ERROR]: System not found System not found
Error: System not found
    at SystemService.updateHeartbeat (/Users/samarjitkhanuja/Desktop/One Whole World/operating-system/oww-os/services/systemService.js:37:13)
    at updateHeartbeat (/Users/samarjitkhanuja/Desktop/One Whole World/operating-system/oww-os/controllers/systemController.js:21:36)
    at Layer.handleRequest (/Users/samarjitkhanuja/Desktop/One Whole World/operating-system/oww-os/node_modules/router/lib/layer.js:152:17)
    at next (/Users/samarjitkhanuja/Desktop/One Whole World/operating-system/oww-os/node_modules/router/lib/route.js:157:13)
    at handleValidationErrors (/Users/samarjitkhanuja/Desktop/One Whole World/operating-system/oww-os/middlewares/validation.js:12:3)
    at Layer.handleRequest (/Users/samarjitkhanuja/Desktop/One Whole World/operating-system/oww-os/node_modules/router/lib/layer.js:152:17)
    at next (/Users/samarjitkhanuja/Desktop/One Whole World/operating-system/oww-os/node_modules/router/lib/route.js:157:13)
    at middleware (/Users/samarjitkhanuja/Desktop/One Whole World/operating-system/oww-os/node_modules/express-validator/lib/middlewares/check.js:16:13)
    at process.processTicksAndRejections (node:internal/process/task_queues:95:5)
2025-07-11T17:28:58.627Z [ERROR]: System not found System not found
Error: System not found
    at SystemService.updateHeartbeat (/Users/samarjitkhanuja/Desktop/One Whole World/operating-system/oww-os/services/systemService.js:37:13)
    at updateHeartbeat (/Users/samarjitkhanuja/Desktop/One Whole World/operating-system/oww-os/controllers/systemController.js:21:36)
    at Layer.handleRequest (/Users/samarjitkhanuja/Desktop/One Whole World/operating-system/oww-os/node_modules/router/lib/layer.js:152:17)
    at next (/Users/samarjitkhanuja/Desktop/One Whole World/operating-system/oww-os/node_modules/router/lib/route.js:157:13)
    at handleValidationErrors (/Users/samarjitkhanuja/Desktop/One Whole World/operating-system/oww-os/middlewares/validation.js:12:3)
    at Layer.handleRequest (/Users/samarjitkhanuja/Desktop/One Whole World/operating-system/oww-os/node_modules/router/lib/layer.js:152:17)
    at next (/Users/samarjitkhanuja/Desktop/One Whole World/operating-system/oww-os/node_modules/router/lib/route.js:157:13)
    at middleware (/Users/samarjitkhanuja/Desktop/One Whole World/operating-system/oww-os/node_modules/express-validator/lib/middlewares/check.js:16:13)
    at process.processTicksAndRejections (node:internal/process/task_queues:95:5)
2025-07-11T17:29:01.296Z [ERROR]: System not found System not found
Error: System not found
    at SystemService.updateHeartbeat (/Users/samarjitkhanuja/Desktop/One Whole World/operating-system/oww-os/services/systemService.js:37:13)
    at updateHeartbeat (/Users/samarjitkhanuja/Desktop/One Whole World/operating-system/oww-os/controllers/systemController.js:21:36)
    at Layer.handleRequest (/Users/samarjitkhanuja/Desktop/One Whole World/operating-system/oww-os/node_modules/router/lib/layer.js:152:17)
    at next (/Users/samarjitkhanuja/Desktop/One Whole World/operating-system/oww-os/node_modules/router/lib/route.js:157:13)
    at handleValidationErrors (/Users/samarjitkhanuja/Desktop/One Whole World/operating-system/oww-os/middlewares/validation.js:12:3)
    at Layer.handleRequest (/Users/samarjitkhanuja/Desktop/One Whole World/operating-system/oww-os/node_modules/router/lib/layer.js:152:17)
    at next (/Users/samarjitkhanuja/Desktop/One Whole World/operating-system/oww-os/node_modules/router/lib/route.js:157:13)
    at middleware (/Users/samarjitkhanuja/Desktop/One Whole World/operating-system/oww-os/node_modules/express-validator/lib/middlewares/check.js:16:13)
    at process.processTicksAndRejections (node:internal/process/task_queues:95:5)
